# JRE version: OpenJDK Runtime Environment Temurin-21.0.8+9 (21.0.8+9) (build 21.0.8+9-LTS)
# Java VM: OpenJDK 64-Bit Server VM Temurin-21.0.8+9 (21.0.8+9-LTS, mixed mode, sharing, tiered, compressed oops, compressed class ptrs, g1 gc, windows-amd64)
GC Precious Log:
 CardTable entry size: 512
 Card Set container configuration: InlinePtr #cards 4 size 8 Array Of Cards #cards 16 size 48 Howl #buckets 8 coarsen threshold 3686 Howl Bitmap #cards 512 size 80 coarsen threshold 460 Card regions per heap region 1 cards per card region 4096
 CPUs: 8 total, 8 available
 Memory: 16064M
 Large Page Support: Disabled
 NUMA Support: Disabled
 Compressed Oops: Enabled (Zero based)
 Heap Region Size: 2M
 Heap Min Capacity: 8M
 Heap Initial Capacity: 252M
 Heap Max Capacity: 4018M
 Pre-touch: Disabled
 Parallel Workers: 8
 Concurrent Workers: 2
 Concurrent Refinement Workers: 8
 Periodic GC: Disabled
Heap:
 garbage-first heap   total 258048K, used 6852K [0x0000000704e00000, 0x0000000800000000)
  region size 2048K, 1 young (2048K), 1 survivors (2048K)
 Metaspace       used 10289K, committed 10560K, reserved 1114112K
  class space    used 1062K, committed 1152K, reserved 1048576K
GC Heap History (20 events):
Event: 447.816 GC heap after
{Heap after GC invocations=136 (full 0):
 garbage-first heap   total 258048K, used 6760K [0x0000000704e00000, 0x0000000800000000)
  region size 2048K, 1 young (2048K), 1 survivors (2048K)
 Metaspace       used 10285K, committed 10496K, reserved 1114112K
  class space    used 1062K, committed 1152K, reserved 1048576K
}
Event: 448.026 GC heap before
{Heap before GC invocations=136 (full 0):
 garbage-first heap   total 258048K, used 17000K [0x0000000704e00000, 0x0000000800000000)
  region size 2048K, 6 young (12288K), 1 survivors (2048K)
 Metaspace       used 10285K, committed 10496K, reserved 1114112K
  class space    used 1062K, committed 1152K, reserved 1048576K
}
Event: 448.845 GC heap after
{Heap after GC invocations=137 (full 0):
 garbage-first heap   total 258048K, used 6640K [0x0000000704e00000, 0x0000000800000000)
  region size 2048K, 1 young (2048K), 1 survivors (2048K)
 Metaspace       used 10285K, committed 10496K, reserved 1114112K
  class space    used 1062K, committed 1152K, reserved 1048576K
}
Event: 449.110 GC heap before
{Heap before GC invocations=137 (full 0):
 garbage-first heap   total 258048K, used 16880K [0x0000000704e00000, 0x0000000800000000)
  region size 2048K, 6 young (12288K), 1 survivors (2048K)
 Metaspace       used 10285K, committed 10496K, reserved 1114112K
  class space    used 1062K, committed 1152K, reserved 1048576K
}
Event: 449.112 GC heap after
{Heap after GC invocations=138 (full 0):
 garbage-first heap   total 258048K, used 6516K [0x0000000704e00000, 0x0000000800000000)
  region size 2048K, 1 young (2048K), 1 survivors (2048K)
 Metaspace       used 10285K, committed 10496K, reserved 1114112K
  class space    used 1062K, committed 1152K, reserved 1048576K
}
Event: 449.426 GC heap before
{Heap before GC invocations=138 (full 0):
 garbage-first heap   total 258048K, used 16756K [0x0000000704e00000, 0x0000000800000000)
  region size 2048K, 6 young (12288K), 1 survivors (2048K)
 Metaspace       used 10285K, committed 10496K, reserved 1114112K
  class space    used 1062K, committed 1152K, reserved 1048576K
}
Event: 449.428 GC heap after
{Heap after GC invocations=139 (full 0):
 garbage-first heap   total 258048K, used 6423K [0x0000000704e00000, 0x0000000800000000)
  region size 2048K, 1 young (2048K), 1 survivors (2048K)
 Metaspace       used 10285K, committed 10496K, reserved 1114112K
  class space    used 1062K, committed 1152K, reserved 1048576K
}
Event: 449.735 GC heap before
{Heap before GC invocations=139 (full 0):
 garbage-first heap   total 258048K, used 16663K [0x0000000704e00000, 0x0000000800000000)
  region size 2048K, 6 young (12288K), 1 survivors (2048K)
 Metaspace       used 10285K, committed 10496K, reserved 1114112K
  class space    used 1062K, committed 1152K, reserved 1048576K
}
Event: 449.737 GC heap after
{Heap after GC invocations=140 (full 0):
 garbage-first heap   total 258048K, used 6310K [0x0000000704e00000, 0x0000000800000000)
  region size 2048K, 1 young (2048K), 1 survivors (2048K)
 Metaspace       used 10285K, committed 10496K, reserved 1114112K
  class space    used 1062K, committed 1152K, reserved 1048576K
}
Event: 449.993 GC heap before
{Heap before GC invocations=140 (full 0):
 garbage-first heap   total 258048K, used 16550K [0x0000000704e00000, 0x0000000800000000)
  region size 2048K, 6 young (12288K), 1 survivors (2048K)
 Metaspace       used 10285K, committed 10496K, reserved 1114112K
  class space    used 1062K, committed 1152K, reserved 1048576K
}
Event: 449.994 GC heap after
{Heap after GC invocations=141 (full 0):
 garbage-first heap   total 258048K, used 6292K [0x0000000704e00000, 0x0000000800000000)
  region size 2048K, 1 young (2048K), 1 survivors (2048K)
 Metaspace       used 10285K, committed 10496K, reserved 1114112K
  class space    used 1062K, committed 1152K, reserved 1048576K
}
Event: 450.220 GC heap before
{Heap before GC invocations=141 (full 0):
 garbage-first heap   total 258048K, used 16532K [0x0000000704e00000, 0x0000000800000000)
  region size 2048K, 6 young (12288K), 1 survivors (2048K)
 Metaspace       used 10285K, committed 10496K, reserved 1114112K
  class space    used 1062K, committed 1152K, reserved 1048576K
}
Event: 450.221 GC heap after
{Heap after GC invocations=142 (full 0):
 garbage-first heap   total 258048K, used 6294K [0x0000000704e00000, 0x0000000800000000)
  region size 2048K, 1 young (2048K), 1 survivors (2048K)
 Metaspace       used 10285K, committed 10496K, reserved 1114112K
  class space    used 1062K, committed 1152K, reserved 1048576K
}
Event: 453.271 GC heap before
{Heap before GC invocations=142 (full 0):
 garbage-first heap   total 258048K, used 157846K [0x0000000704e00000, 0x0000000800000000)
  region size 2048K, 75 young (153600K), 1 survivors (2048K)
 Metaspace       used 10285K, committed 10496K, reserved 1114112K
  class space    used 1062K, committed 1152K, reserved 1048576K
}
Event: 453.274 GC heap after
{Heap after GC invocations=143 (full 0):
 garbage-first heap   total 258048K, used 6843K [0x0000000704e00000, 0x0000000800000000)
  region size 2048K, 1 young (2048K), 1 survivors (2048K)
 Metaspace       used 10285K, committed 10496K, reserved 1114112K
  class space    used 1062K, committed 1152K, reserved 1048576K
}
Event: 456.393 GC heap before
{Heap before GC invocations=143 (full 0):
 garbage-first heap   total 258048K, used 158395K [0x0000000704e00000, 0x0000000800000000)
  region size 2048K, 75 young (153600K), 1 survivors (2048K)
 Metaspace       used 10285K, committed 10496K, reserved 1114112K
  class space    used 1062K, committed 1152K, reserved 1048576K
}
Event: 456.395 GC heap after
{Heap after GC invocations=144 (full 0):
 garbage-first heap   total 258048K, used 6849K [0x0000000704e00000, 0x0000000800000000)
  region size 2048K, 1 young (2048K), 1 survivors (2048K)
 Metaspace       used 10285K, committed 10496K, reserved 1114112K
  class space    used 1062K, committed 1152K, reserved 1048576K
}
Event: 458.904 GC heap before
{Heap before GC invocations=144 (full 0):
 garbage-first heap   total 258048K, used 158401K [0x0000000704e00000, 0x0000000800000000)
  region size 2048K, 75 young (153600K), 1 survivors (2048K)
 Metaspace       used 10285K, committed 10496K, reserved 1114112K
  class space    used 1062K, committed 1152K, reserved 1048576K
}
Event: 458.907 GC heap after
{Heap after GC invocations=145 (full 0):
 garbage-first heap   total 258048K, used 6866K [0x0000000704e00000, 0x0000000800000000)
  region size 2048K, 1 young (2048K), 1 survivors (2048K)
 Metaspace       used 10285K, committed 10496K, reserved 1114112K
  class space    used 1062K, committed 1152K, reserved 1048576K
}
Event: 462.794 GC heap before
{Heap before GC invocations=145 (full 0):
 garbage-first heap   total 258048K, used 158418K [0x0000000704e00000, 0x0000000800000000)
  region size 2048K, 75 young (153600K), 1 survivors (2048K)
 Metaspace       used 10289K, committed 10560K, reserved 1114112K
  class space    used 1062K, committed 1152K, reserved 1048576K
}

